<?xml version="1.0" encoding="UTF-8"?>
<!-- Generated by org.testng.reporters.JUnitReportReporter -->
<testsuite skipped="0" hostname="DESKTOP-54Q1QLO" name="com.testngparameters.MergeTwoDataProviders" tests="1" failures="0" timestamp="2020-06-17T23:15:38 IST" time="0.019" errors="0">
  <testcase name="usingTwoDataProviders" time="0.019" classname="com.testngparameters.MergeTwoDataProviders"/>
</testsuite> <!-- com.testngparameters.MergeTwoDataProviders -->
