<?xml version="1.0" encoding="UTF-8"?>
<!-- Generated by org.testng.reporters.JUnitReportReporter -->
<testsuite skipped="0" hostname="DESKTOP-54Q1QLO" name="com.testngparameters.HandlingPaginationDemo" tests="1" failures="0" timestamp="2020-06-15T14:59:24 IST" time="15.548" errors="0">
  <testcase name="HandlingPage" time="15.548" classname="com.testngparameters.HandlingPaginationDemo"/>
</testsuite> <!-- com.testngparameters.HandlingPaginationDemo -->
