<?xml version="1.0" encoding="UTF-8"?>
<!-- Generated by org.testng.reporters.JUnitReportReporter -->
<testsuite skipped="0" hostname="DESKTOP-54Q1QLO" name="com.testngparameters.ScrollwithinWebTable" tests="1" failures="0" timestamp="2020-06-16T23:08:22 IST" time="23.587" errors="0">
  <testcase name="ScrollWithintheWebTable" time="23.587" classname="com.testngparameters.ScrollwithinWebTable"/>
</testsuite> <!-- com.testngparameters.ScrollwithinWebTable -->
