<?xml version="1.0" encoding="UTF-8"?>
<!-- Generated by org.testng.reporters.JUnitReportReporter -->
<testsuite skipped="0" hostname="DESKTOP-54Q1QLO" name="com.testngparameters.WebTable" tests="1" failures="0" timestamp="2020-06-14T23:06:41 IST" time="27.974" errors="0">
  <testcase name="WebTable" time="27.974" classname="com.testngparameters.WebTable"/>
</testsuite> <!-- com.testngparameters.WebTable -->
