<?xml version="1.0" encoding="UTF-8"?>
<!-- Generated by org.testng.reporters.JUnitReportReporter -->
<testsuite skipped="0" hostname="DESKTOP-54Q1QLO" name="com.testngparameters.parameters" tests="1" failures="0" timestamp="2020-06-11T23:38:03 IST" time="19.823" errors="0">
  <testcase name="yahooLoginTest" time="19.823" classname="com.testngparameters.parameters"/>
</testsuite> <!-- com.testngparameters.parameters -->
