<?xml version="1.0" encoding="UTF-8"?>
<!-- Generated by org.testng.reporters.JUnitReportReporter -->
<testsuite skipped="0" hostname="DESKTOP-54Q1QLO" name="com.testngparameters.AlertHandle" tests="1" failures="0" timestamp="2020-06-14T00:32:04 IST" time="13.862" errors="0">
  <testcase name="alert" time="13.862" classname="com.testngparameters.AlertHandle"/>
</testsuite> <!-- com.testngparameters.AlertHandle -->
