<?xml version="1.0" encoding="UTF-8"?>
<!-- Generated by org.testng.reporters.JUnitReportReporter -->
<testsuite skipped="0" hostname="DESKTOP-54Q1QLO" name="com.testngparameters.BrokenLinks" tests="1" failures="0" timestamp="2020-06-12T00:18:26 IST" time="30.771" errors="0">
  <testcase name="brokenlinks" time="30.771" classname="com.testngparameters.BrokenLinks"/>
</testsuite> <!-- com.testngparameters.BrokenLinks -->
